{"level":"info","message":"Loading Mongoose functionality","timestamp":"2017-12-12T19:49:52.457Z"}
{"level":"info","message":"Mongoose connected to the database","timestamp":"2017-12-12T19:49:57.131Z"}
{"level":"info","message":"Loading Mongoose functionality","timestamp":"2017-12-12T20:03:43.043Z"}
{"level":"info","message":"Mongoose connected to the database","timestamp":"2017-12-12T20:03:43.240Z"}
{"level":"info","message":"Loading Mongoose functionality","timestamp":"2017-12-12T20:07:29.027Z"}
{"level":"info","message":"Mongoose connected to the database","timestamp":"2017-12-12T20:07:29.186Z"}
{"level":"info","message":"Loading Mongoose functionality","timestamp":"2017-12-12T20:08:34.015Z"}
{"level":"info","message":"Mongoose connected to the database","timestamp":"2017-12-12T20:08:34.184Z"}
{"level":"info","message":"Loading Mongoose functionality","timestamp":"2017-12-12T20:09:18.572Z"}
{"level":"info","message":"Mongoose connected to the database","timestamp":"2017-12-12T20:09:18.800Z"}
{"level":"info","message":"Loading Mongoose functionality","timestamp":"2017-12-12T20:10:35.700Z"}
{"level":"info","message":"Mongoose connected to the database","timestamp":"2017-12-12T20:10:35.913Z"}
{"level":"verbose","message":"Create User","timestamp":"2017-12-12T20:10:44.137Z"}
{"level":"verbose","message":"Create User","timestamp":"2017-12-12T20:39:21.636Z"}
{"level":"error","message":"","timestamp":"2017-12-12T21:12:28.412Z"}
{"level":"verbose","message":"Create User","timestamp":"2017-12-12T21:12:35.816Z"}
{"level":"info","message":"Loading Mongoose functionality","timestamp":"2017-12-12T22:12:31.714Z"}
{"level":"info","message":"Mongoose connected to the database","timestamp":"2017-12-12T22:12:33.507Z"}
{"level":"info","message":"Loading Mongoose functionality","timestamp":"2017-12-12T22:12:44.728Z"}
{"level":"info","message":"Mongoose connected to the database","timestamp":"2017-12-12T22:12:44.947Z"}
{"level":"info","message":"Loading Mongoose functionality","timestamp":"2017-12-12T22:12:59.797Z"}
{"level":"info","message":"Mongoose connected to the database","timestamp":"2017-12-12T22:13:00.020Z"}
{"level":"verbose","message":"Create User","timestamp":"2017-12-12T22:13:31.900Z"}
{"level":"error","message":"MongoError: E11000 duplicate key error collection: todo-dev.users index: email_1 dup key: { : \"ml\" }\n    at Function.MongoError.create (C:\\Users\\mlee0\\Documents\\Documents\\School\\Development Web Application (531)\\Activity\\todo-master\\server\\node_modules\\mongodb-core\\lib\\error.js:31:11)\n    at toError (C:\\Users\\mlee0\\Documents\\Documents\\School\\Development Web Application (531)\\Activity\\todo-master\\server\\node_modules\\mongodb\\lib\\utils.js:139:22)\n    at C:\\Users\\mlee0\\Documents\\Documents\\School\\Development Web Application (531)\\Activity\\todo-master\\server\\node_modules\\mongodb\\lib\\collection.js:668:23\n    at handleCallback (C:\\Users\\mlee0\\Documents\\Documents\\School\\Development Web Application (531)\\Activity\\todo-master\\server\\node_modules\\mongodb\\lib\\utils.js:120:56)\n    at C:\\Users\\mlee0\\Documents\\Documents\\School\\Development Web Application (531)\\Activity\\todo-master\\server\\node_modules\\mongodb\\lib\\bulk\\unordered.js:465:9\n    at handleCallback (C:\\Users\\mlee0\\Documents\\Documents\\School\\Development Web Application (531)\\Activity\\todo-master\\server\\node_modules\\mongodb\\lib\\utils.js:120:56)\n    at resultHandler (C:\\Users\\mlee0\\Documents\\Documents\\School\\Development Web Application (531)\\Activity\\todo-master\\server\\node_modules\\mongodb\\lib\\bulk\\unordered.js:413:5)\n    at C:\\Users\\mlee0\\Documents\\Documents\\School\\Development Web Application (531)\\Activity\\todo-master\\server\\node_modules\\mongodb-core\\lib\\connection\\pool.js:469:18\n    at _combinedTickCallback (internal/process/next_tick.js:131:7)\n    at process._tickCallback (internal/process/next_tick.js:180:9)","timestamp":"2017-12-12T22:13:32.277Z"}
{"level":"verbose","message":"Create User","timestamp":"2017-12-12T22:14:37.595Z"}
{"level":"error","message":"MongoError: E11000 duplicate key error collection: todo-dev.users index: email_1 dup key: { : \"ml\" }\n    at Function.MongoError.create (C:\\Users\\mlee0\\Documents\\Documents\\School\\Development Web Application (531)\\Activity\\todo-master\\server\\node_modules\\mongodb-core\\lib\\error.js:31:11)\n    at toError (C:\\Users\\mlee0\\Documents\\Documents\\School\\Development Web Application (531)\\Activity\\todo-master\\server\\node_modules\\mongodb\\lib\\utils.js:139:22)\n    at C:\\Users\\mlee0\\Documents\\Documents\\School\\Development Web Application (531)\\Activity\\todo-master\\server\\node_modules\\mongodb\\lib\\collection.js:668:23\n    at handleCallback (C:\\Users\\mlee0\\Documents\\Documents\\School\\Development Web Application (531)\\Activity\\todo-master\\server\\node_modules\\mongodb\\lib\\utils.js:120:56)\n    at C:\\Users\\mlee0\\Documents\\Documents\\School\\Development Web Application (531)\\Activity\\todo-master\\server\\node_modules\\mongodb\\lib\\bulk\\unordered.js:465:9\n    at handleCallback (C:\\Users\\mlee0\\Documents\\Documents\\School\\Development Web Application (531)\\Activity\\todo-master\\server\\node_modules\\mongodb\\lib\\utils.js:120:56)\n    at resultHandler (C:\\Users\\mlee0\\Documents\\Documents\\School\\Development Web Application (531)\\Activity\\todo-master\\server\\node_modules\\mongodb\\lib\\bulk\\unordered.js:413:5)\n    at C:\\Users\\mlee0\\Documents\\Documents\\School\\Development Web Application (531)\\Activity\\todo-master\\server\\node_modules\\mongodb-core\\lib\\connection\\pool.js:469:18\n    at _combinedTickCallback (internal/process/next_tick.js:131:7)\n    at process._tickCallback (internal/process/next_tick.js:180:9)","timestamp":"2017-12-12T22:14:37.707Z"}
{"level":"verbose","message":"Create User","timestamp":"2017-12-12T22:17:27.263Z"}
{"level":"error","message":"MongoError: E11000 duplicate key error collection: todo-dev.users index: email_1 dup key: { : \"ml\" }\n    at Function.MongoError.create (C:\\Users\\mlee0\\Documents\\Documents\\School\\Development Web Application (531)\\Activity\\todo-master\\server\\node_modules\\mongodb-core\\lib\\error.js:31:11)\n    at toError (C:\\Users\\mlee0\\Documents\\Documents\\School\\Development Web Application (531)\\Activity\\todo-master\\server\\node_modules\\mongodb\\lib\\utils.js:139:22)\n    at C:\\Users\\mlee0\\Documents\\Documents\\School\\Development Web Application (531)\\Activity\\todo-master\\server\\node_modules\\mongodb\\lib\\collection.js:668:23\n    at handleCallback (C:\\Users\\mlee0\\Documents\\Documents\\School\\Development Web Application (531)\\Activity\\todo-master\\server\\node_modules\\mongodb\\lib\\utils.js:120:56)\n    at C:\\Users\\mlee0\\Documents\\Documents\\School\\Development Web Application (531)\\Activity\\todo-master\\server\\node_modules\\mongodb\\lib\\bulk\\unordered.js:465:9\n    at handleCallback (C:\\Users\\mlee0\\Documents\\Documents\\School\\Development Web Application (531)\\Activity\\todo-master\\server\\node_modules\\mongodb\\lib\\utils.js:120:56)\n    at resultHandler (C:\\Users\\mlee0\\Documents\\Documents\\School\\Development Web Application (531)\\Activity\\todo-master\\server\\node_modules\\mongodb\\lib\\bulk\\unordered.js:413:5)\n    at C:\\Users\\mlee0\\Documents\\Documents\\School\\Development Web Application (531)\\Activity\\todo-master\\server\\node_modules\\mongodb-core\\lib\\connection\\pool.js:469:18\n    at _combinedTickCallback (internal/process/next_tick.js:131:7)\n    at process._tickCallback (internal/process/next_tick.js:180:9)","timestamp":"2017-12-12T22:17:27.373Z"}
